======================================================================
BALI WEDDING VENUE REVIEW SCRAPER - IMPROVED
======================================================================

🏨 ayana-bali
  ✓ Query: AYANA Resort bali 婚禮 評價 費用... (3 snippets)
  ✓ Query: AYANA Resort bali wedding review experience... (0 snippets)
  ✓ Query: 阿亚娜 巴厘岛 婚礼 费用 真实... (0 snippets)
  → Saved: 3 snippets, 3 sources, 0 insights

🏨 bvlgari-resort-bali
  ✓ Query: Bvlgari Resort Bali bali 婚禮 評價 費用... (0 snippets)
  ✓ Query: Bvlgari Resort Bali bali wedding review experience... (0 snippets)
  ✓ Query: 宝格丽巴厘岛 巴厘岛 婚礼 费用 真实... (0 snippets)
  → Saved: 0 snippets, 0 sources, 0 insights

🏨 the-ritz-carlton-bali
  ✓ Query: Ritz Carlton Bali bali 婚禮 評價 費用... (0 snippets)
  ✓ Query: Ritz Carlton Bali bali wedding review experience... (0 snippets)
  ✓ Query: 丽思卡尔顿巴厘岛 巴厘岛 婚礼 费用 真实... (0 snippets)
  → Saved: 0 snippets, 0 sources, 0 insights

🏨 alila-villas-uluwatu
  ✓ Query: Alila Villas Uluwatu bali 婚禮 評價 費用... (0 snippets)
  ✓ Query: Alila Villas Uluwatu bali wedding review experienc... (0 snippets)
  ✓ Query: 阿丽拉乌鲁瓦图 巴厘岛 婚礼 费用 真实... (0 snippets)
  → Saved: 0 snippets, 0 sources, 0 insights


======================================================================
FINAL SUMMARY
======================================================================

ayana-bali:
  • Snippets collected: 3
  • Sources followed: 3
  • Key insights extracted: 0

bvlgari-resort-bali:
  • Snippets collected: 0
  • Sources followed: 0
  • Key insights extracted: 0

the-ritz-carlton-bali:
  • Snippets collected: 0
  • Sources followed: 0
  • Key insights extracted: 0

alila-villas-uluwatu:
  • Snippets collected: 0
  • Sources followed: 0
  • Key insights extracted: 0

📊 TOTAL: 3 snippets, 3 sources across 4 venues
